2022-08-24 15:10:22.294 | INFO     | data.load.load_data:load_data:9 - Reading data 
2022-08-24 15:10:22.340 | INFO     | data.load.load_data:load_data:25 - 
2022-08-24 15:10:22.341 | INFO     | data.load.load_data:load_data:9 - Reading data 
2022-08-24 15:10:47.054 | INFO     | data.load.load_data:load_data:25 - 
2022-08-24 15:10:47.055 | INFO     | data.load.load_data:load_data:9 - Reading data 
2022-08-24 15:17:10.763 | INFO     | data.load.load_data:load_data:9 - Reading data /home/smejkal/github/kge-w-rule-based-reasoning/data/yago/yago-wd-schema.nt ..
2022-08-24 15:17:10.782 | INFO     | data.load.load_data:load_data:25 - /home/smejkal/github/kge-w-rule-based-reasoning/data/yago/yago-wd-schema.nt was loaded succesfully...
2022-08-24 15:17:10.782 | INFO     | data.load.load_data:load_data:9 - Reading data /home/smejkal/github/kge-w-rule-based-reasoning/data/yago/yago-wd-full-types.nt ..
2022-08-24 15:20:58.909 | INFO     | data.load.load_data:load_data:9 - Reading data /home/smejkal/github/kge-w-rule-based-reasoning/data/yago/yago-wd-schema.nt ..
2022-08-24 15:20:58.929 | INFO     | data.load.load_data:load_data:25 - /home/smejkal/github/kge-w-rule-based-reasoning/data/yago/yago-wd-schema.nt was loaded succesfully...
2022-08-24 15:20:58.930 | INFO     | data.load.load_data:load_data:9 - Reading data /home/smejkal/github/kge-w-rule-based-reasoning/data/yago/yago-wd-full-types.nt ..
2022-08-24 15:21:23.063 | INFO     | data.load.load_data:load_data:25 - /home/smejkal/github/kge-w-rule-based-reasoning/data/yago/yago-wd-full-types.nt was loaded succesfully...
2022-08-24 15:21:23.063 | INFO     | data.load.load_data:load_data:9 - Reading data /home/smejkal/github/kge-w-rule-based-reasoning/data/yago/yago-wd-facts.nt ..
2022-08-24 15:23:05.620 | INFO     | data.load.load_data:load_data:25 - /home/smejkal/github/kge-w-rule-based-reasoning/data/yago/yago-wd-facts.nt was loaded succesfully...
2022-08-24 15:23:06.755 | INFO     | reasoner.reasoner:apply_rules:17 - applying reasoner...
2022-08-24 15:29:14.522 | INFO     | data.load.load_data:load_data:9 - Reading data /home/smejkal/github/kge-w-rule-based-reasoning/data/yago/yago-wd-schema.nt ..
2022-08-24 15:29:14.550 | INFO     | data.load.load_data:load_data:25 - /home/smejkal/github/kge-w-rule-based-reasoning/data/yago/yago-wd-schema.nt was loaded succesfully...
2022-08-24 15:29:14.550 | INFO     | data.load.load_data:load_data:9 - Reading data /home/smejkal/github/kge-w-rule-based-reasoning/data/yago/yago-wd-full-types.nt ..
2022-08-24 15:29:39.287 | INFO     | data.load.load_data:load_data:25 - /home/smejkal/github/kge-w-rule-based-reasoning/data/yago/yago-wd-full-types.nt was loaded succesfully...
2022-08-24 15:29:39.287 | INFO     | data.load.load_data:load_data:9 - Reading data /home/smejkal/github/kge-w-rule-based-reasoning/data/yago/yago-wd-facts.nt ..
2022-08-24 15:31:23.694 | INFO     | data.load.load_data:load_data:25 - /home/smejkal/github/kge-w-rule-based-reasoning/data/yago/yago-wd-facts.nt was loaded succesfully...
2022-08-24 15:31:24.973 | INFO     | reasoner.reasoner:apply_rules:17 - applying reasoner...
2022-08-24 15:50:41.648 | INFO     | data.load.load_data:load_data:9 - Reading data /home/smejkal/github/kge-w-rule-based-reasoning/data/yago/yago-wd-schema.nt ..
2022-08-24 15:50:41.669 | INFO     | data.load.load_data:load_data:25 - /home/smejkal/github/kge-w-rule-based-reasoning/data/yago/yago-wd-schema.nt was loaded succesfully...
2022-08-24 15:50:41.669 | INFO     | data.load.load_data:load_data:9 - Reading data /home/smejkal/github/kge-w-rule-based-reasoning/data/yago/yago-wd-full-types.nt ..
2022-08-24 15:51:05.704 | INFO     | data.load.load_data:load_data:25 - /home/smejkal/github/kge-w-rule-based-reasoning/data/yago/yago-wd-full-types.nt was loaded succesfully...
2022-08-24 15:51:05.704 | INFO     | data.load.load_data:load_data:9 - Reading data /home/smejkal/github/kge-w-rule-based-reasoning/data/yago/yago-wd-facts.nt ..
2022-08-24 15:52:48.658 | INFO     | data.load.load_data:load_data:25 - /home/smejkal/github/kge-w-rule-based-reasoning/data/yago/yago-wd-facts.nt was loaded succesfully...
2022-08-24 15:52:48.661 | INFO     | reasoner.reasoner:apply_rules:17 - applying reasoner...
2022-08-24 15:52:49.853 | INFO     | reasoner.reasoner:split_and_save_for_training:68 - splitting data...
2022-08-24 15:52:49.887 | INFO     | __main__:main:35 - Processing data...
2022-08-24 15:52:50.162 | INFO     | __main__:main:37 - Training...
2022-08-24 15:52:55.082 | INFO     | __main__:main:39 - Training complete...
2022-08-24 15:52:55.083 | INFO     | generator.generator:__init__:8 - Generating new triples...
2022-08-24 15:52:55.114 | INFO     | generator.generator:generate_new_triples:244 - Candidates size: 342
2022-08-24 15:52:55.114 | INFO     | evaluator.evaluate:__init__:13 - Evaluating generated candidates...
2022-08-24 15:52:55.115 | INFO     | evaluator.evaluate:evaluate_and_return_facts:23 - Evaluating..
2022-08-24 16:05:23.104 | INFO     | data.load.load_data:load_data:9 - Reading data /home/smejkal/github/kge-w-rule-based-reasoning/data/yago/yago-wd-schema.nt ..
2022-08-24 16:05:23.125 | INFO     | data.load.load_data:load_data:25 - /home/smejkal/github/kge-w-rule-based-reasoning/data/yago/yago-wd-schema.nt was loaded succesfully...
2022-08-24 16:05:23.125 | INFO     | data.load.load_data:load_data:9 - Reading data /home/smejkal/github/kge-w-rule-based-reasoning/data/yago/yago-wd-full-types.nt ..
2022-08-24 16:05:47.073 | INFO     | data.load.load_data:load_data:25 - /home/smejkal/github/kge-w-rule-based-reasoning/data/yago/yago-wd-full-types.nt was loaded succesfully...
2022-08-24 16:05:47.074 | INFO     | data.load.load_data:load_data:9 - Reading data /home/smejkal/github/kge-w-rule-based-reasoning/data/yago/yago-wd-facts.nt ..
2022-08-24 16:07:29.099 | INFO     | data.load.load_data:load_data:25 - /home/smejkal/github/kge-w-rule-based-reasoning/data/yago/yago-wd-facts.nt was loaded succesfully...
2022-08-24 16:07:29.102 | INFO     | reasoner.reasoner:apply_rules:17 - applying reasoner...
2022-08-24 16:07:30.293 | INFO     | reasoner.reasoner:split_and_save_for_training:68 - splitting data...
2022-08-24 16:07:30.299 | INFO     | __main__:main:35 - Processing data...
2022-08-24 16:07:30.551 | INFO     | __main__:main:37 - Training...
2022-08-24 16:07:35.965 | INFO     | __main__:main:39 - Training complete...
2022-08-24 16:07:35.966 | INFO     | generator.generator:__init__:8 - Generating new triples...
2022-08-24 16:07:35.998 | INFO     | generator.generator:generate_new_triples:244 - Candidates size: 342
2022-08-24 16:07:35.999 | INFO     | evaluator.evaluate:__init__:13 - Evaluating generated candidates...
2022-08-24 16:07:35.999 | INFO     | evaluator.evaluate:evaluate_and_return_facts:23 - Evaluating..
2022-08-24 16:07:36.229 | INFO     | __main__:main:53 - Program finished, no new triples found.
2022-08-24 16:12:20.676 | INFO     | data.load.load_data:load_data:9 - Reading data /home/smejkal/github/kge-w-rule-based-reasoning/data/yago/yago-wd-schema.nt ..
2022-08-24 16:12:20.697 | INFO     | data.load.load_data:load_data:25 - /home/smejkal/github/kge-w-rule-based-reasoning/data/yago/yago-wd-schema.nt was loaded succesfully...
2022-08-24 16:12:20.697 | INFO     | data.load.load_data:load_data:9 - Reading data /home/smejkal/github/kge-w-rule-based-reasoning/data/yago/yago-wd-full-types.nt ..
2022-08-24 16:12:44.642 | INFO     | data.load.load_data:load_data:25 - /home/smejkal/github/kge-w-rule-based-reasoning/data/yago/yago-wd-full-types.nt was loaded succesfully...
2022-08-24 16:12:44.643 | INFO     | data.load.load_data:load_data:9 - Reading data /home/smejkal/github/kge-w-rule-based-reasoning/data/yago/yago-wd-facts.nt ..
2022-08-24 16:14:26.486 | INFO     | data.load.load_data:load_data:25 - /home/smejkal/github/kge-w-rule-based-reasoning/data/yago/yago-wd-facts.nt was loaded succesfully...
2022-08-24 16:14:27.672 | INFO     | reasoner.reasoner:apply_rules:17 - applying reasoner...
2022-08-24 16:21:07.174 | INFO     | data.load.load_data:load_data:9 - Reading data /home/smejkal/github/kge-w-rule-based-reasoning/data/yago/yago-wd-schema.nt ..
2022-08-24 16:21:07.224 | INFO     | data.load.load_data:load_data:25 - /home/smejkal/github/kge-w-rule-based-reasoning/data/yago/yago-wd-schema.nt was loaded succesfully...
2022-08-24 16:21:07.225 | INFO     | data.load.load_data:load_data:9 - Reading data /home/smejkal/github/kge-w-rule-based-reasoning/data/yago/yago-wd-full-types.nt ..
2022-08-24 16:21:31.551 | INFO     | data.load.load_data:load_data:25 - /home/smejkal/github/kge-w-rule-based-reasoning/data/yago/yago-wd-full-types.nt was loaded succesfully...
2022-08-24 16:21:31.551 | INFO     | data.load.load_data:load_data:9 - Reading data /home/smejkal/github/kge-w-rule-based-reasoning/data/yago/yago-wd-facts.nt ..
2022-08-24 16:23:16.483 | INFO     | data.load.load_data:load_data:25 - /home/smejkal/github/kge-w-rule-based-reasoning/data/yago/yago-wd-facts.nt was loaded succesfully...
2022-08-24 16:23:17.574 | INFO     | reasoner.reasoner:apply_rules:17 - applying reasoner...
